c:\users\val00259\nayamo\jexport\vc\jexport.dir\debug\ltt_util.obj
c:\users\val00259\nayamo\jexport\vc\jexport.dir\debug\ltt_ttgroup.obj
c:\users\val00259\nayamo\jexport\vc\jexport.dir\debug\ltt_train.obj
c:\users\val00259\nayamo\jexport\vc\jexport.dir\debug\ltt_timetable.obj
c:\users\val00259\nayamo\jexport\vc\jexport.dir\debug\ltt_summary.obj
c:\users\val00259\nayamo\jexport\vc\jexport.dir\debug\ltt_station.obj
c:\users\val00259\nayamo\jexport\vc\jexport.dir\debug\ltt_section.obj
c:\users\val00259\nayamo\jexport\vc\jexport.dir\debug\ltt_secptn.obj
c:\users\val00259\nayamo\jexport\vc\jexport.dir\debug\ltt_line.obj
c:\users\val00259\nayamo\jexport\vc\jexport.dir\debug\ltt_init.obj
c:\users\val00259\nayamo\jexport\vc\jexport.dir\debug\ltt_group_line.obj
c:\users\val00259\nayamo\jexport\vc\jexport.dir\debug\ltt_excptrule.obj
c:\users\val00259\nayamo\jexport\vc\jexport.dir\debug\ltt_dest.obj
c:\users\val00259\nayamo\jexport\vc\jexport.dir\debug\ltt_compat.obj
c:\users\val00259\nayamo\jexport\vc\jexport.dir\debug\ltt_api.obj
c:\users\val00259\nayamo\jexport\vc\jexport.dir\debug\hash.obj
c:\users\val00259\nayamo\jexport\vc\jexport.dir\debug\dl_route.obj
c:\users\val00259\nayamo\jexport\vc\jexport.dir\debug\dl_mask.obj
c:\users\val00259\nayamo\jexport\vc\jexport.dir\debug\dl_lineptn.obj
c:\users\val00259\nayamo\jexport\vc\jexport.dir\debug\dl_line.obj
c:\users\val00259\nayamo\jexport\vc\jexport.dir\debug\calcchild.obj
c:\users\val00259\nayamo\jexport\vc\jexport.dir\debug\calcbus.obj
c:\users\val00259\nayamo\jexport\vc\jexport.dir\debug\calcair.obj
c:\users\val00259\nayamo\jexport\vc\jexport.dir\debug\calc4war.obj
c:\users\val00259\nayamo\jexport\vc\jexport.dir\debug\calc3war.obj
c:\users\val00259\nayamo\jexport\vc\jexport.dir\debug\buswari.obj
c:\users\val00259\nayamo\jexport\vc\jexport.dir\debug\bticket.obj
c:\users\val00259\nayamo\jexport\vc\jexport.dir\debug\bothway.obj
c:\users\val00259\nayamo\jexport\vc\jexport.dir\debug\binarysearch.obj
c:\users\val00259\nayamo\jexport\vc\jexport.dir\debug\airfare.obj
c:\users\val00259\nayamo\jexport\vc\jexport.dir\debug\air.obj
c:\users\val00259\nayamo\jexport\vc\jexport.dir\debug\addkm.obj
c:\users\val00259\nayamo\jexport\vc\jexport.dir\debug\expmem.obj
c:\users\val00259\nayamo\jexport\vc\jexport.dir\debug\expjapan.obj
c:\users\val00259\nayamo\jexport\vc\jexport.dir\debug\expgettoday.obj
c:\users\val00259\nayamo\jexport\vc\jexport.dir\debug\expfile.obj
c:\users\val00259\nayamo\jexport\vc\jexport.dir\debug\expdate.obj
c:\users\val00259\nayamo\jexport\vc\jexport.dir\debug\expcontainertools.obj
c:\users\val00259\nayamo\jexport\vc\jexport.dir\debug\expcontainer.obj
c:\users\val00259\nayamo\jexport\vc\jexport.dir\debug\vector.obj
c:\users\val00259\nayamo\jexport\vc\jexport.dir\debug\calcwari.obj
c:\users\val00259\nayamo\jexport\vc\jexport.dir\debug\calctotal.obj
c:\users\val00259\nayamo\jexport\vc\jexport.dir\debug\calctosa.obj
c:\users\val00259\nayamo\jexport\vc\jexport.dir\debug\calctoqu.obj
c:\users\val00259\nayamo\jexport\vc\jexport.dir\debug\calcsep.obj
c:\users\val00259\nayamo\jexport\vc\jexport.dir\debug\calcosa.obj
c:\users\val00259\nayamo\jexport\vc\jexport.dir\debug\calcmeit.obj
c:\users\val00259\nayamo\jexport\vc\jexport.dir\debug\calckkosoku.obj
c:\users\val00259\nayamo\jexport\vc\jexport.dir\debug\calckint.obj
c:\users\val00259\nayamo\jexport\vc\jexport.dir\debug\calckeis.obj
c:\users\val00259\nayamo\jexport\vc\jexport.dir\debug\calckeih.obj
c:\users\val00259\nayamo\jexport\vc\jexport.dir\debug\calcjr3.obj
c:\users\val00259\nayamo\jexport\vc\jexport.dir\debug\calcjr2.obj
c:\users\val00259\nayamo\jexport\vc\jexport.dir\debug\calcjr.obj
c:\users\val00259\nayamo\jexport\vc\jexport.dir\debug\calcic.obj
c:\users\val00259\nayamo\jexport\vc\jexport.dir\debug\calchden.obj
c:\users\val00259\nayamo\jexport\vc\jexport.dir\debug\calcfare.obj
c:\users\val00259\nayamo\jexport\vc\jexport.dir\debug\calcexp.obj
c:\users\val00259\nayamo\jexport\vc\jexport.dir\debug\calceito.obj
c:\users\val00259\nayamo\jexport\vc\jexport.dir\debug\calceida.obj
c:\users\val00259\nayamo\jexport\vc\jexport.dir\debug\dds_search.obj
c:\users\val00259\nayamo\jexport\vc\jexport.dir\debug\dds_nodelist.obj
c:\users\val00259\nayamo\jexport\vc\jexport.dir\debug\dds_mask.obj
c:\users\val00259\nayamo\jexport\vc\jexport.dir\debug\dds_linkuty.obj
c:\users\val00259\nayamo\jexport\vc\jexport.dir\debug\dds_link.obj
c:\users\val00259\nayamo\jexport\vc\jexport.dir\debug\dds_job.obj
c:\users\val00259\nayamo\jexport\vc\jexport.dir\debug\dds_editroute.obj
c:\users\val00259\nayamo\jexport\vc\jexport.dir\debug\dds_createlink.obj
c:\users\val00259\nayamo\jexport\vc\jexport.dir\debug\dds_checklinkroute.obj
c:\users\val00259\nayamo\jexport\vc\jexport.dir\debug\dds_buildavglinkinfo.obj
c:\users\val00259\nayamo\jexport\vc\jexport.dir\debug\cutlbit.obj
c:\users\val00259\nayamo\jexport\vc\jexport.dir\debug\countsta.obj
c:\users\val00259\nayamo\jexport\vc\jexport.dir\debug\codetool.obj
c:\users\val00259\nayamo\jexport\vc\jexport.dir\debug\codetable.obj
c:\users\val00259\nayamo\jexport\vc\jexport.dir\debug\chk2corl.obj
c:\users\val00259\nayamo\jexport\vc\jexport.dir\debug\check.obj
c:\users\val00259\nayamo\jexport\vc\jexport.dir\debug\cheap.obj
c:\users\val00259\nayamo\jexport\vc\jexport.dir\debug\charges.obj
c:\users\val00259\nayamo\jexport\vc\jexport.dir\debug\chaincontrol.obj
c:\users\val00259\nayamo\jexport\vc\jexport.dir\debug\calczeng.obj
c:\users\val00259\nayamo\jexport\vc\jexport.dir\debug\expdatactrl.obj
c:\users\val00259\nayamo\jexport\vc\jexport.dir\debug\expctrl.obj
c:\users\val00259\nayamo\jexport\vc\jexport.dir\debug\expcouponticket.obj
c:\users\val00259\nayamo\jexport\vc\jexport.dir\debug\expcorpsectionlist.obj
c:\users\val00259\nayamo\jexport\vc\jexport.dir\debug\expcorpmask.obj
c:\users\val00259\nayamo\jexport\vc\jexport.dir\debug\expcorp.obj
c:\users\val00259\nayamo\jexport\vc\jexport.dir\debug\expconfig.obj
c:\users\val00259\nayamo\jexport\vc\jexport.dir\debug\expbit.obj
c:\users\val00259\nayamo\jexport\vc\jexport.dir\debug\expbaserail.obj
c:\users\val00259\nayamo\jexport\vc\jexport.dir\debug\expairvacancy.obj
c:\users\val00259\nayamo\jexport\vc\jexport.dir\debug\expairfareclasslist.obj
c:\users\val00259\nayamo\jexport\vc\jexport.dir\debug\expairfare.obj
c:\users\val00259\nayamo\jexport\vc\jexport.dir\debug\ekicd.obj
c:\users\val00259\nayamo\jexport\vc\jexport.dir\debug\edittool.obj
c:\users\val00259\nayamo\jexport\vc\jexport.dir\debug\editroute.obj
c:\users\val00259\nayamo\jexport\vc\jexport.dir\debug\dspsort.obj
c:\users\val00259\nayamo\jexport\vc\jexport.dir\debug\dspmemctrl.obj
c:\users\val00259\nayamo\jexport\vc\jexport.dir\debug\diarail.obj
c:\users\val00259\nayamo\jexport\vc\jexport.dir\debug\dds_stocktrain.obj
c:\users\val00259\nayamo\jexport\vc\jexport.dir\debug\dds_stockroute.obj
c:\users\val00259\nayamo\jexport\vc\jexport.dir\debug\exprailsectionlist.obj
c:\users\val00259\nayamo\jexport\vc\jexport.dir\debug\exprailmask.obj
c:\users\val00259\nayamo\jexport\vc\jexport.dir\debug\exprail.obj
c:\users\val00259\nayamo\jexport\vc\jexport.dir\debug\expprogress.obj
c:\users\val00259\nayamo\jexport\vc\jexport.dir\debug\expparam.obj
c:\users\val00259\nayamo\jexport\vc\jexport.dir\debug\explatilongi.obj
c:\users\val00259\nayamo\jexport\vc\jexport.dir\debug\explandmarkext.obj
c:\users\val00259\nayamo\jexport\vc\jexport.dir\debug\explandmark.obj
c:\users\val00259\nayamo\jexport\vc\jexport.dir\debug\expiowaymask.obj
c:\users\val00259\nayamo\jexport\vc\jexport.dir\debug\expiccardlist.obj
c:\users\val00259\nayamo\jexport\vc\jexport.dir\debug\exphandler.obj
c:\users\val00259\nayamo\jexport\vc\jexport.dir\debug\expguidwelfare.obj
c:\users\val00259\nayamo\jexport\vc\jexport.dir\debug\expguidmap.obj
c:\users\val00259\nayamo\jexport\vc\jexport.dir\debug\expguidexit.obj
c:\users\val00259\nayamo\jexport\vc\jexport.dir\debug\expgate.obj
c:\users\val00259\nayamo\jexport\vc\jexport.dir\debug\expfileentry.obj
c:\users\val00259\nayamo\jexport\vc\jexport.dir\debug\expfareclasslist.obj
c:\users\val00259\nayamo\jexport\vc\jexport.dir\debug\experror.obj
c:\users\val00259\nayamo\jexport\vc\jexport.dir\debug\expdiarail.obj
c:\users\val00259\nayamo\jexport\vc\jexport.dir\debug\expdatafile.obj
c:\users\val00259\nayamo\jexport\vc\jexport.dir\debug\faresub.obj
c:\users\val00259\nayamo\jexport\vc\jexport.dir\debug\farecorp.obj
c:\users\val00259\nayamo\jexport\vc\jexport.dir\debug\expwalkinfo.obj
c:\users\val00259\nayamo\jexport\vc\jexport.dir\debug\exptimetable.obj
c:\users\val00259\nayamo\jexport\vc\jexport.dir\debug\expticketsyslist.obj
c:\users\val00259\nayamo\jexport\vc\jexport.dir\debug\expteikiseatlist.obj
c:\users\val00259\nayamo\jexport\vc\jexport.dir\debug\expteikiroute.obj
c:\users\val00259\nayamo\jexport\vc\jexport.dir\debug\expteikiclasslist.obj
c:\users\val00259\nayamo\jexport\vc\jexport.dir\debug\expsurchargelist.obj
c:\users\val00259\nayamo\jexport\vc\jexport.dir\debug\expstopsections.obj
c:\users\val00259\nayamo\jexport\vc\jexport.dir\debug\expstationmask.obj
c:\users\val00259\nayamo\jexport\vc\jexport.dir\debug\expstation.obj
c:\users\val00259\nayamo\jexport\vc\jexport.dir\debug\expsection.obj
c:\users\val00259\nayamo\jexport\vc\jexport.dir\debug\expseason.obj
c:\users\val00259\nayamo\jexport\vc\jexport.dir\debug\expsearchctrl.obj
c:\users\val00259\nayamo\jexport\vc\jexport.dir\debug\exprouteres.obj
c:\users\val00259\nayamo\jexport\vc\jexport.dir\debug\exproutebus.obj
c:\users\val00259\nayamo\jexport\vc\jexport.dir\debug\exprestoreroute.obj
c:\users\val00259\nayamo\jexport\vc\jexport.dir\debug\exprepay.obj
c:\users\val00259\nayamo\jexport\vc\jexport.dir\debug\exprangeres.obj
c:\users\val00259\nayamo\jexport\vc\jexport.dir\debug\iokmunit.obj
c:\users\val00259\nayamo\jexport\vc\jexport.dir\debug\iokenrl.obj
c:\users\val00259\nayamo\jexport\vc\jexport.dir\debug\ioinchg.obj
c:\users\val00259\nayamo\jexport\vc\jexport.dir\debug\ioguid.obj
c:\users\val00259\nayamo\jexport\vc\jexport.dir\debug\iogate.obj
c:\users\val00259\nayamo\jexport\vc\jexport.dir\debug\iofno.obj
c:\users\val00259\nayamo\jexport\vc\jexport.dir\debug\iofare.obj
c:\users\val00259\nayamo\jexport\vc\jexport.dir\debug\ioexprl.obj
c:\users\val00259\nayamo\jexport\vc\jexport.dir\debug\ioexpadd.obj
c:\users\val00259\nayamo\jexport\vc\jexport.dir\debug\iodiabit.obj
c:\users\val00259\nayamo\jexport\vc\jexport.dir\debug\iodata.obj
c:\users\val00259\nayamo\jexport\vc\jexport.dir\debug\iocorp.obj
c:\users\val00259\nayamo\jexport\vc\jexport.dir\debug\iocnvsta.obj
c:\users\val00259\nayamo\jexport\vc\jexport.dir\debug\iochangetime.obj
c:\users\val00259\nayamo\jexport\vc\jexport.dir\debug\iobedcar.obj
c:\users\val00259\nayamo\jexport\vc\jexport.dir\debug\ioarea.obj
c:\users\val00259\nayamo\jexport\vc\jexport.dir\debug\ioairm.obj
c:\users\val00259\nayamo\jexport\vc\jexport.dir\debug\inssepl.obj
c:\users\val00259\nayamo\jexport\vc\jexport.dir\debug\iccard.obj
c:\users\val00259\nayamo\jexport\vc\jexport.dir\debug\frameroute.obj
c:\users\val00259\nayamo\jexport\vc\jexport.dir\debug\iostam.obj
c:\users\val00259\nayamo\jexport\vc\jexport.dir\debug\iostagrp.obj
c:\users\val00259\nayamo\jexport\vc\jexport.dir\debug\iosta1st.obj
c:\users\val00259\nayamo\jexport\vc\jexport.dir\debug\iosplrail.obj
c:\users\val00259\nayamo\jexport\vc\jexport.dir\debug\iosleepm.obj
c:\users\val00259\nayamo\jexport\vc\jexport.dir\debug\iosenmei.obj
c:\users\val00259\nayamo\jexport\vc\jexport.dir\debug\iosenkumei.obj
c:\users\val00259\nayamo\jexport\vc\jexport.dir\debug\iosenkugrp.obj
c:\users\val00259\nayamo\jexport\vc\jexport.dir\debug\ioroutebus.obj
c:\users\val00259\nayamo\jexport\vc\jexport.dir\debug\iorenm.obj
c:\users\val00259\nayamo\jexport\vc\jexport.dir\debug\iorailng.obj
c:\users\val00259\nayamo\jexport\vc\jexport.dir\debug\iorailm.obj
c:\users\val00259\nayamo\jexport\vc\jexport.dir\debug\iorailch.obj
c:\users\val00259\nayamo\jexport\vc\jexport.dir\debug\iorail.obj
c:\users\val00259\nayamo\jexport\vc\jexport.dir\debug\iopole.obj
c:\users\val00259\nayamo\jexport\vc\jexport.dir\debug\ionteiki.obj
c:\users\val00259\nayamo\jexport\vc\jexport.dir\debug\ionotuse.obj
c:\users\val00259\nayamo\jexport\vc\jexport.dir\debug\ionameix.obj
c:\users\val00259\nayamo\jexport\vc\jexport.dir\debug\iolistdata.obj
c:\users\val00259\nayamo\jexport\vc\jexport.dir\debug\iolink.obj
c:\users\val00259\nayamo\jexport\vc\jexport.dir\debug\linkdel.obj
c:\users\val00259\nayamo\jexport\vc\jexport.dir\debug\linearsearch.obj
c:\users\val00259\nayamo\jexport\vc\jexport.dir\debug\kmdisped.obj
c:\users\val00259\nayamo\jexport\vc\jexport.dir\debug\kmadjust.obj
c:\users\val00259\nayamo\jexport\vc\jexport.dir\debug\kasan.obj
c:\users\val00259\nayamo\jexport\vc\jexport.dir\debug\jrresinfo.obj
c:\users\val00259\nayamo\jexport\vc\jexport.dir\debug\jrrailkb.obj
c:\users\val00259\nayamo\jexport\vc\jexport.dir\debug\isback.obj
c:\users\val00259\nayamo\jexport\vc\jexport.dir\debug\iozengo.obj
c:\users\val00259\nayamo\jexport\vc\jexport.dir\debug\iowari4f.obj
c:\users\val00259\nayamo\jexport\vc\jexport.dir\debug\iowari3t.obj
c:\users\val00259\nayamo\jexport\vc\jexport.dir\debug\iowari3h.obj
c:\users\val00259\nayamo\jexport\vc\jexport.dir\debug\iowari3f.obj
c:\users\val00259\nayamo\jexport\vc\jexport.dir\debug\iowari2t.obj
c:\users\val00259\nayamo\jexport\vc\jexport.dir\debug\iowari2h.obj
c:\users\val00259\nayamo\jexport\vc\jexport.dir\debug\iowari2f.obj
c:\users\val00259\nayamo\jexport\vc\jexport.dir\debug\iowalk.obj
c:\users\val00259\nayamo\jexport\vc\jexport.dir\debug\iotime.obj
c:\users\val00259\nayamo\jexport\vc\jexport.dir\debug\iostawt.obj
c:\users\val00259\nayamo\jexport\vc\jexport.dir\debug\iostarl.obj
c:\users\val00259\nayamo\jexport\vc\jexport.dir\debug\userails.obj
c:\users\val00259\nayamo\jexport\vc\jexport.dir\debug\tmtload.obj
c:\users\val00259\nayamo\jexport\vc\jexport.dir\debug\teiki.obj
c:\users\val00259\nayamo\jexport\vc\jexport.dir\debug\setrails.obj
c:\users\val00259\nayamo\jexport\vc\jexport.dir\debug\seqpos.obj
c:\users\val00259\nayamo\jexport\vc\jexport.dir\debug\seatadj.obj
c:\users\val00259\nayamo\jexport\vc\jexport.dir\debug\searchroute.obj
c:\users\val00259\nayamo\jexport\vc\jexport.dir\debug\searchrange.obj
c:\users\val00259\nayamo\jexport\vc\jexport.dir\debug\scramble.obj
c:\users\val00259\nayamo\jexport\vc\jexport.dir\debug\savekm.obj
c:\users\val00259\nayamo\jexport\vc\jexport.dir\debug\savefare.obj
c:\users\val00259\nayamo\jexport\vc\jexport.dir\debug\reserve.obj
c:\users\val00259\nayamo\jexport\vc\jexport.dir\debug\rescalc.obj
c:\users\val00259\nayamo\jexport\vc\jexport.dir\debug\repay.obj
c:\users\val00259\nayamo\jexport\vc\jexport.dir\debug\passlist.obj
c:\users\val00259\nayamo\jexport\vc\jexport.dir\debug\melt.obj
c:\users\val00259\nayamo\jexport\vc\jexport.dir\debug\linksort.obj
c:\users\val00259\nayamo\jexport\vc\jexport.dir\debug\linkopen.obj
c:\users\val00259\nayamo\jexport\vc\jexport.dir\debug\linkload.obj
c:\users\val00259\nayamo\jexport\vc\jexport.dir\debug\linkeki.obj
c:\users\val00259\nayamo\jexport\vc\jexport.dir\debug\dia_sectionclass.obj
c:\users\val00259\nayamo\jexport\vc\jexport.dir\debug\dia_routev2.obj
c:\users\val00259\nayamo\jexport\vc\jexport.dir\debug\dia_routev1.obj
c:\users\val00259\nayamo\jexport\vc\jexport.dir\debug\dia_drivev2.obj
c:\users\val00259\nayamo\jexport\vc\jexport.dir\debug\dia_drivev1.obj
c:\users\val00259\nayamo\jexport\vc\jexport.dir\debug\dia_diaclass.obj
c:\users\val00259\nayamo\jexport\vc\jexport.dir\debug\dia_corpv2.obj
c:\users\val00259\nayamo\jexport\vc\jexport.dir\debug\dia_corpv1.obj
c:\users\val00259\nayamo\jexport\vc\jexport.dir\debug\dia_corpclass.obj
c:\users\val00259\nayamo\jexport\vc\jexport.dir\debug\dia_commoninfo.obj
c:\users\val00259\nayamo\jexport\vc\jexport.dir\debug\dia_commonclass.obj
c:\users\val00259\nayamo\jexport\vc\jexport.dir\debug\dia_common.obj
c:\users\val00259\nayamo\jexport\vc\jexport.dir\debug\dia_colorclass.obj
c:\users\val00259\nayamo\jexport\vc\jexport.dir\debug\dia_color.obj
c:\users\val00259\nayamo\jexport\vc\jexport.dir\debug\_routesearch.obj
c:\users\val00259\nayamo\jexport\vc\jexport.dir\debug\_routecheck.obj
c:\users\val00259\nayamo\jexport\vc\jexport.dir\debug\_rangesearch.obj
c:\users\val00259\nayamo\jexport\vc\jexport.dir\debug\_dds_debug.obj
c:\users\val00259\nayamo\jexport\vc\jexport.dir\debug\weight.obj
c:\users\val00259\nayamo\jexport\vc\jexport.dir\debug\userange.obj
c:\users\val00259\nayamo\jexport\vc\jexport.dir\debug\dia_trainkindv1.obj
c:\users\val00259\nayamo\jexport\vc\jexport.dir\debug\dia_trainclass_topic.obj
c:\users\val00259\nayamo\jexport\vc\jexport.dir\debug\dia_trainclass_name.obj
c:\users\val00259\nayamo\jexport\vc\jexport.dir\debug\dia_trainclass_kind.obj
c:\users\val00259\nayamo\jexport\vc\jexport.dir\debug\dia_trainclass_drive.obj
c:\users\val00259\nayamo\jexport\vc\jexport.dir\debug\dia_trainclass.obj
c:\users\val00259\nayamo\jexport\vc\jexport.dir\debug\dia_textv2.obj
c:\users\val00259\nayamo\jexport\vc\jexport.dir\debug\dia_textv1.obj
c:\users\val00259\nayamo\jexport\vc\jexport.dir\debug\dia_textclass.obj
c:\users\val00259\nayamo\jexport\vc\jexport.dir\debug\dia_stationv2.obj
c:\users\val00259\nayamo\jexport\vc\jexport.dir\debug\dia_stationv1.obj
c:\users\val00259\nayamo\jexport\vc\jexport.dir\debug\dia_stationclass.obj
c:\users\val00259\nayamo\jexport\vc\jexport.dir\debug\dia_sectionv2.obj
c:\users\val00259\nayamo\jexport\vc\jexport.dir\debug\dia_sectionv1.obj
c:\users\val00259\nayamo\jexport\vc\jexport.dir\debug\dia_sectionpatternv2.obj
c:\users\val00259\nayamo\jexport\vc\jexport.dir\debug\dia_sectionpatternv1.obj
c:\users\val00259\nayamo\jexport\vc\jexport.dir\debug\dia_sectionnicknamev2.obj
c:\users\val00259\nayamo\jexport\vc\jexport.dir\debug\dia_sectionnicknamev1.obj
c:\users\val00259\nayamo\jexport\vc\jexport.dir\debug\dia_sectionclass_pattern.obj
c:\users\val00259\nayamo\jexport\vc\jexport.dir\debug\dia_sectionclass_nickname.obj
c:\users\val00259\nayamo\jexport\vc\jexport.dir\debug\exptokutoku.obj
c:\users\val00259\nayamo\jexport\vc\jexport.dir\debug\dia_viewv2.obj
c:\users\val00259\nayamo\jexport\vc\jexport.dir\debug\dia_viewv1.obj
c:\users\val00259\nayamo\jexport\vc\jexport.dir\debug\dia_trainviewv2.obj
c:\users\val00259\nayamo\jexport\vc\jexport.dir\debug\dia_stationviewv2.obj
c:\users\val00259\nayamo\jexport\vc\jexport.dir\debug\dia_sectionviewv2.obj
c:\users\val00259\nayamo\jexport\vc\jexport.dir\debug\dia_sectionviewv1.obj
c:\users\val00259\nayamo\jexport\vc\jexport.dir\debug\dia_commoninfoviewv2.obj
c:\users\val00259\nayamo\jexport\vc\jexport.dir\debug\dia_commoninfoviewv1.obj
c:\users\val00259\nayamo\jexport\vc\jexport.dir\debug\dia_collectviewv2.obj
c:\users\val00259\nayamo\jexport\vc\jexport.dir\debug\expdiaversion.obj
c:\users\val00259\nayamo\jexport\vc\jexport.dir\debug\expdiatracetrain.obj
c:\users\val00259\nayamo\jexport\vc\jexport.dir\debug\expdianame.obj
c:\users\val00259\nayamo\jexport\vc\jexport.dir\debug\expdiafileentry.obj
c:\users\val00259\nayamo\jexport\vc\jexport.dir\debug\expdiadatabase.obj
c:\users\val00259\nayamo\jexport\vc\jexport.dir\debug\dia_trainv2.obj
c:\users\val00259\nayamo\jexport\vc\jexport.dir\debug\dia_trainv1.obj
c:\users\val00259\nayamo\jexport\vc\jexport.dir\debug\dia_trainnamev2.obj
c:\users\val00259\nayamo\jexport\vc\jexport.dir\debug\dia_trainnamev1.obj
c:\users\val00259\nayamo\jexport\vc\jexport.dir\debug\dia_trainkindv2.obj
c:\users\val00259\nayamo\jexport\vc\jexport.dir\debug\expmaptool.obj
c:\users\val00259\nayamo\jexport\vc\jexport.dir\debug\expmappack.obj
c:\users\val00259\nayamo\jexport\vc\jexport.dir\debug\expmapitemfile.obj
c:\users\val00259\nayamo\jexport\vc\jexport.dir\debug\expmapitem.obj
c:\users\val00259\nayamo\jexport\vc\jexport.dir\debug\expmapimgfile.obj
c:\users\val00259\nayamo\jexport\vc\jexport.dir\debug\expmapimg.obj
c:\users\val00259\nayamo\jexport\vc\jexport.dir\debug\expmapfilectrl.obj
c:\users\val00259\nayamo\jexport\vc\jexport.dir\debug\expmapfile.obj
c:\users\val00259\nayamo\jexport\vc\cmakefiles\generate.stamp
c:\users\val00259\nayamo\jexport\vc\debug\jexport.lib
c:\users\val00259\nayamo\jexport\vc\debug\jexport.exp
c:\users\val00259\nayamo\jexport\vc\debug\jexport.ilk
c:\users\val00259\nayamo\jexport\vc\debug\jexport.dll
c:\users\val00259\nayamo\jexport\vc\debug\jexport.pdb
c:\users\val00259\nayamo\jexport\vc\jexport.dir\debug\jexport.tlog\cl.command.1.tlog
c:\users\val00259\nayamo\jexport\vc\jexport.dir\debug\jexport.tlog\cl.read.1.tlog
c:\users\val00259\nayamo\jexport\vc\jexport.dir\debug\jexport.tlog\cl.write.1.tlog
c:\users\val00259\nayamo\jexport\vc\jexport.dir\debug\jexport.tlog\custombuild.command.1.tlog
c:\users\val00259\nayamo\jexport\vc\jexport.dir\debug\jexport.tlog\custombuild.read.1.tlog
c:\users\val00259\nayamo\jexport\vc\jexport.dir\debug\jexport.tlog\custombuild.write.1.tlog
c:\users\val00259\nayamo\jexport\vc\jexport.dir\debug\jexport.tlog\jexport.write.1u.tlog
c:\users\val00259\nayamo\jexport\vc\jexport.dir\debug\jexport.tlog\link.command.1.tlog
c:\users\val00259\nayamo\jexport\vc\jexport.dir\debug\jexport.tlog\link.read.1.tlog
c:\users\val00259\nayamo\jexport\vc\jexport.dir\debug\jexport.tlog\link.write.1.tlog
