c:\users\val00259\nayamo\jexport\vc\jexport.dir\release\vector.obj
c:\users\val00259\nayamo\jexport\vc\jexport.dir\release\ltt_util.obj
c:\users\val00259\nayamo\jexport\vc\jexport.dir\release\ltt_ttgroup.obj
c:\users\val00259\nayamo\jexport\vc\jexport.dir\release\ltt_train.obj
c:\users\val00259\nayamo\jexport\vc\jexport.dir\release\ltt_timetable.obj
c:\users\val00259\nayamo\jexport\vc\jexport.dir\release\ltt_summary.obj
c:\users\val00259\nayamo\jexport\vc\jexport.dir\release\ltt_station.obj
c:\users\val00259\nayamo\jexport\vc\jexport.dir\release\ltt_section.obj
c:\users\val00259\nayamo\jexport\vc\jexport.dir\release\ltt_secptn.obj
c:\users\val00259\nayamo\jexport\vc\jexport.dir\release\ltt_line.obj
c:\users\val00259\nayamo\jexport\vc\jexport.dir\release\ltt_init.obj
c:\users\val00259\nayamo\jexport\vc\jexport.dir\release\ltt_group_line.obj
c:\users\val00259\nayamo\jexport\vc\jexport.dir\release\ltt_excptrule.obj
c:\users\val00259\nayamo\jexport\vc\jexport.dir\release\ltt_dest.obj
c:\users\val00259\nayamo\jexport\vc\jexport.dir\release\ltt_api.obj
c:\users\val00259\nayamo\jexport\vc\jexport.dir\release\hash.obj
c:\users\val00259\nayamo\jexport\vc\jexport.dir\release\dl_route.obj
c:\users\val00259\nayamo\jexport\vc\jexport.dir\release\dl_mask.obj
c:\users\val00259\nayamo\jexport\vc\jexport.dir\release\dl_lineptn.obj
c:\users\val00259\nayamo\jexport\vc\jexport.dir\release\dl_line.obj
c:\users\val00259\nayamo\jexport\vc\jexport.dir\release\calcair.obj
c:\users\val00259\nayamo\jexport\vc\jexport.dir\release\calc4war.obj
c:\users\val00259\nayamo\jexport\vc\jexport.dir\release\calc3war.obj
c:\users\val00259\nayamo\jexport\vc\jexport.dir\release\buswari.obj
c:\users\val00259\nayamo\jexport\vc\jexport.dir\release\bticket.obj
c:\users\val00259\nayamo\jexport\vc\jexport.dir\release\bothway.obj
c:\users\val00259\nayamo\jexport\vc\jexport.dir\release\binarysearch.obj
c:\users\val00259\nayamo\jexport\vc\jexport.dir\release\airfare.obj
c:\users\val00259\nayamo\jexport\vc\jexport.dir\release\air.obj
c:\users\val00259\nayamo\jexport\vc\jexport.dir\release\addkm.obj
c:\users\val00259\nayamo\jexport\vc\jexport.dir\release\expmem.obj
c:\users\val00259\nayamo\jexport\vc\jexport.dir\release\expjapan.obj
c:\users\val00259\nayamo\jexport\vc\jexport.dir\release\expgettoday.obj
c:\users\val00259\nayamo\jexport\vc\jexport.dir\release\expfile.obj
c:\users\val00259\nayamo\jexport\vc\jexport.dir\release\expdate.obj
c:\users\val00259\nayamo\jexport\vc\jexport.dir\release\expcontainertools.obj
c:\users\val00259\nayamo\jexport\vc\jexport.dir\release\expcontainer.obj
c:\users\val00259\nayamo\jexport\vc\jexport.dir\release\dia_trtimetable.obj
c:\users\val00259\nayamo\jexport\vc\jexport.dir\release\dia_timetable.obj
c:\users\val00259\nayamo\jexport\vc\jexport.dir\release\dia_sttimetable.obj
c:\users\val00259\nayamo\jexport\vc\jexport.dir\release\calctosa.obj
c:\users\val00259\nayamo\jexport\vc\jexport.dir\release\calctoqu.obj
c:\users\val00259\nayamo\jexport\vc\jexport.dir\release\calcsep.obj
c:\users\val00259\nayamo\jexport\vc\jexport.dir\release\calcosa.obj
c:\users\val00259\nayamo\jexport\vc\jexport.dir\release\calcmeit.obj
c:\users\val00259\nayamo\jexport\vc\jexport.dir\release\calckkosoku.obj
c:\users\val00259\nayamo\jexport\vc\jexport.dir\release\calckint.obj
c:\users\val00259\nayamo\jexport\vc\jexport.dir\release\calckeis.obj
c:\users\val00259\nayamo\jexport\vc\jexport.dir\release\calckeih.obj
c:\users\val00259\nayamo\jexport\vc\jexport.dir\release\calcjr3.obj
c:\users\val00259\nayamo\jexport\vc\jexport.dir\release\calcjr2.obj
c:\users\val00259\nayamo\jexport\vc\jexport.dir\release\calcjr.obj
c:\users\val00259\nayamo\jexport\vc\jexport.dir\release\calcic.obj
c:\users\val00259\nayamo\jexport\vc\jexport.dir\release\calchden.obj
c:\users\val00259\nayamo\jexport\vc\jexport.dir\release\calcfare.obj
c:\users\val00259\nayamo\jexport\vc\jexport.dir\release\calcexp.obj
c:\users\val00259\nayamo\jexport\vc\jexport.dir\release\calceito.obj
c:\users\val00259\nayamo\jexport\vc\jexport.dir\release\calceida.obj
c:\users\val00259\nayamo\jexport\vc\jexport.dir\release\calcchild.obj
c:\users\val00259\nayamo\jexport\vc\jexport.dir\release\calcbus.obj
c:\users\val00259\nayamo\jexport\vc\jexport.dir\release\dds_mask.obj
c:\users\val00259\nayamo\jexport\vc\jexport.dir\release\dds_linkuty.obj
c:\users\val00259\nayamo\jexport\vc\jexport.dir\release\dds_link.obj
c:\users\val00259\nayamo\jexport\vc\jexport.dir\release\dds_job.obj
c:\users\val00259\nayamo\jexport\vc\jexport.dir\release\dds_editroute.obj
c:\users\val00259\nayamo\jexport\vc\jexport.dir\release\dds_createlink.obj
c:\users\val00259\nayamo\jexport\vc\jexport.dir\release\dds_checklinkroute.obj
c:\users\val00259\nayamo\jexport\vc\jexport.dir\release\dds_buildavglinkinfo.obj
c:\users\val00259\nayamo\jexport\vc\jexport.dir\release\cutlbit.obj
c:\users\val00259\nayamo\jexport\vc\jexport.dir\release\countsta.obj
c:\users\val00259\nayamo\jexport\vc\jexport.dir\release\codetool.obj
c:\users\val00259\nayamo\jexport\vc\jexport.dir\release\codetable.obj
c:\users\val00259\nayamo\jexport\vc\jexport.dir\release\chk2corl.obj
c:\users\val00259\nayamo\jexport\vc\jexport.dir\release\check.obj
c:\users\val00259\nayamo\jexport\vc\jexport.dir\release\cheap.obj
c:\users\val00259\nayamo\jexport\vc\jexport.dir\release\charges.obj
c:\users\val00259\nayamo\jexport\vc\jexport.dir\release\chaincontrol.obj
c:\users\val00259\nayamo\jexport\vc\jexport.dir\release\calczeng.obj
c:\users\val00259\nayamo\jexport\vc\jexport.dir\release\calcwari.obj
c:\users\val00259\nayamo\jexport\vc\jexport.dir\release\calctotal.obj
c:\users\val00259\nayamo\jexport\vc\jexport.dir\release\expcouponticket.obj
c:\users\val00259\nayamo\jexport\vc\jexport.dir\release\expcorpsectionlist.obj
c:\users\val00259\nayamo\jexport\vc\jexport.dir\release\expcorpmask.obj
c:\users\val00259\nayamo\jexport\vc\jexport.dir\release\expcorp.obj
c:\users\val00259\nayamo\jexport\vc\jexport.dir\release\expconfig.obj
c:\users\val00259\nayamo\jexport\vc\jexport.dir\release\expbit.obj
c:\users\val00259\nayamo\jexport\vc\jexport.dir\release\expbaserail.obj
c:\users\val00259\nayamo\jexport\vc\jexport.dir\release\expairvacancy.obj
c:\users\val00259\nayamo\jexport\vc\jexport.dir\release\expairfareclasslist.obj
c:\users\val00259\nayamo\jexport\vc\jexport.dir\release\expairfare.obj
c:\users\val00259\nayamo\jexport\vc\jexport.dir\release\ekicd.obj
c:\users\val00259\nayamo\jexport\vc\jexport.dir\release\edittool.obj
c:\users\val00259\nayamo\jexport\vc\jexport.dir\release\editroute.obj
c:\users\val00259\nayamo\jexport\vc\jexport.dir\release\dspsort.obj
c:\users\val00259\nayamo\jexport\vc\jexport.dir\release\dspmemctrl.obj
c:\users\val00259\nayamo\jexport\vc\jexport.dir\release\diarail.obj
c:\users\val00259\nayamo\jexport\vc\jexport.dir\release\dds_stocktrain.obj
c:\users\val00259\nayamo\jexport\vc\jexport.dir\release\dds_stockroute.obj
c:\users\val00259\nayamo\jexport\vc\jexport.dir\release\dds_search.obj
c:\users\val00259\nayamo\jexport\vc\jexport.dir\release\dds_nodelist.obj
c:\users\val00259\nayamo\jexport\vc\jexport.dir\release\exprail.obj
c:\users\val00259\nayamo\jexport\vc\jexport.dir\release\expprogress.obj
c:\users\val00259\nayamo\jexport\vc\jexport.dir\release\expparam.obj
c:\users\val00259\nayamo\jexport\vc\jexport.dir\release\explatilongi.obj
c:\users\val00259\nayamo\jexport\vc\jexport.dir\release\explandmarkext.obj
c:\users\val00259\nayamo\jexport\vc\jexport.dir\release\explandmark.obj
c:\users\val00259\nayamo\jexport\vc\jexport.dir\release\expiowaymask.obj
c:\users\val00259\nayamo\jexport\vc\jexport.dir\release\expiccardlist.obj
c:\users\val00259\nayamo\jexport\vc\jexport.dir\release\exphandler.obj
c:\users\val00259\nayamo\jexport\vc\jexport.dir\release\expguidwelfare.obj
c:\users\val00259\nayamo\jexport\vc\jexport.dir\release\expguidmap.obj
c:\users\val00259\nayamo\jexport\vc\jexport.dir\release\expguidexit.obj
c:\users\val00259\nayamo\jexport\vc\jexport.dir\release\expgate.obj
c:\users\val00259\nayamo\jexport\vc\jexport.dir\release\expfileentry.obj
c:\users\val00259\nayamo\jexport\vc\jexport.dir\release\expfareclasslist.obj
c:\users\val00259\nayamo\jexport\vc\jexport.dir\release\experror.obj
c:\users\val00259\nayamo\jexport\vc\jexport.dir\release\expdiarail.obj
c:\users\val00259\nayamo\jexport\vc\jexport.dir\release\expdatafile.obj
c:\users\val00259\nayamo\jexport\vc\jexport.dir\release\expdatactrl.obj
c:\users\val00259\nayamo\jexport\vc\jexport.dir\release\expctrl.obj
c:\users\val00259\nayamo\jexport\vc\jexport.dir\release\expwalkinfo.obj
c:\users\val00259\nayamo\jexport\vc\jexport.dir\release\exptimetable.obj
c:\users\val00259\nayamo\jexport\vc\jexport.dir\release\expticketsyslist.obj
c:\users\val00259\nayamo\jexport\vc\jexport.dir\release\expteikiseatlist.obj
c:\users\val00259\nayamo\jexport\vc\jexport.dir\release\expteikiroute.obj
c:\users\val00259\nayamo\jexport\vc\jexport.dir\release\expteikiclasslist.obj
c:\users\val00259\nayamo\jexport\vc\jexport.dir\release\expsurchargelist.obj
c:\users\val00259\nayamo\jexport\vc\jexport.dir\release\expstopsections.obj
c:\users\val00259\nayamo\jexport\vc\jexport.dir\release\expstationmask.obj
c:\users\val00259\nayamo\jexport\vc\jexport.dir\release\expstation.obj
c:\users\val00259\nayamo\jexport\vc\jexport.dir\release\expsection.obj
c:\users\val00259\nayamo\jexport\vc\jexport.dir\release\expseason.obj
c:\users\val00259\nayamo\jexport\vc\jexport.dir\release\expsearchctrl.obj
c:\users\val00259\nayamo\jexport\vc\jexport.dir\release\exprouteres.obj
c:\users\val00259\nayamo\jexport\vc\jexport.dir\release\exproutebus.obj
c:\users\val00259\nayamo\jexport\vc\jexport.dir\release\exprestoreroute.obj
c:\users\val00259\nayamo\jexport\vc\jexport.dir\release\exprepay.obj
c:\users\val00259\nayamo\jexport\vc\jexport.dir\release\exprangeres.obj
c:\users\val00259\nayamo\jexport\vc\jexport.dir\release\exprailsectionlist.obj
c:\users\val00259\nayamo\jexport\vc\jexport.dir\release\exprailmask.obj
c:\users\val00259\nayamo\jexport\vc\jexport.dir\release\ioinchg.obj
c:\users\val00259\nayamo\jexport\vc\jexport.dir\release\ioguid.obj
c:\users\val00259\nayamo\jexport\vc\jexport.dir\release\iogate.obj
c:\users\val00259\nayamo\jexport\vc\jexport.dir\release\iofno.obj
c:\users\val00259\nayamo\jexport\vc\jexport.dir\release\iofare.obj
c:\users\val00259\nayamo\jexport\vc\jexport.dir\release\ioexprl.obj
c:\users\val00259\nayamo\jexport\vc\jexport.dir\release\ioexpadd.obj
c:\users\val00259\nayamo\jexport\vc\jexport.dir\release\iodiabit.obj
c:\users\val00259\nayamo\jexport\vc\jexport.dir\release\iodata.obj
c:\users\val00259\nayamo\jexport\vc\jexport.dir\release\iocorp.obj
c:\users\val00259\nayamo\jexport\vc\jexport.dir\release\iocnvsta.obj
c:\users\val00259\nayamo\jexport\vc\jexport.dir\release\iochangetime.obj
c:\users\val00259\nayamo\jexport\vc\jexport.dir\release\iobedcar.obj
c:\users\val00259\nayamo\jexport\vc\jexport.dir\release\ioarea.obj
c:\users\val00259\nayamo\jexport\vc\jexport.dir\release\ioairm.obj
c:\users\val00259\nayamo\jexport\vc\jexport.dir\release\inssepl.obj
c:\users\val00259\nayamo\jexport\vc\jexport.dir\release\iccard.obj
c:\users\val00259\nayamo\jexport\vc\jexport.dir\release\frameroute.obj
c:\users\val00259\nayamo\jexport\vc\jexport.dir\release\faresub.obj
c:\users\val00259\nayamo\jexport\vc\jexport.dir\release\farecorp.obj
c:\users\val00259\nayamo\jexport\vc\jexport.dir\release\iosta1st.obj
c:\users\val00259\nayamo\jexport\vc\jexport.dir\release\iosplrail.obj
c:\users\val00259\nayamo\jexport\vc\jexport.dir\release\iosleepm.obj
c:\users\val00259\nayamo\jexport\vc\jexport.dir\release\iosenmei.obj
c:\users\val00259\nayamo\jexport\vc\jexport.dir\release\iosenkumei.obj
c:\users\val00259\nayamo\jexport\vc\jexport.dir\release\iosenkugrp.obj
c:\users\val00259\nayamo\jexport\vc\jexport.dir\release\ioroutebus.obj
c:\users\val00259\nayamo\jexport\vc\jexport.dir\release\iorenm.obj
c:\users\val00259\nayamo\jexport\vc\jexport.dir\release\iorailng.obj
c:\users\val00259\nayamo\jexport\vc\jexport.dir\release\iorailm.obj
c:\users\val00259\nayamo\jexport\vc\jexport.dir\release\iorailch.obj
c:\users\val00259\nayamo\jexport\vc\jexport.dir\release\iorail.obj
c:\users\val00259\nayamo\jexport\vc\jexport.dir\release\iopole.obj
c:\users\val00259\nayamo\jexport\vc\jexport.dir\release\ionteiki.obj
c:\users\val00259\nayamo\jexport\vc\jexport.dir\release\ionotuse.obj
c:\users\val00259\nayamo\jexport\vc\jexport.dir\release\ionameix.obj
c:\users\val00259\nayamo\jexport\vc\jexport.dir\release\iolistdata.obj
c:\users\val00259\nayamo\jexport\vc\jexport.dir\release\iolink.obj
c:\users\val00259\nayamo\jexport\vc\jexport.dir\release\iokmunit.obj
c:\users\val00259\nayamo\jexport\vc\jexport.dir\release\iokenrl.obj
c:\users\val00259\nayamo\jexport\vc\jexport.dir\release\kmdisped.obj
c:\users\val00259\nayamo\jexport\vc\jexport.dir\release\kmadjust.obj
c:\users\val00259\nayamo\jexport\vc\jexport.dir\release\kasan.obj
c:\users\val00259\nayamo\jexport\vc\jexport.dir\release\jrresinfo.obj
c:\users\val00259\nayamo\jexport\vc\jexport.dir\release\jrrailkb.obj
c:\users\val00259\nayamo\jexport\vc\jexport.dir\release\isback.obj
c:\users\val00259\nayamo\jexport\vc\jexport.dir\release\iozengo.obj
c:\users\val00259\nayamo\jexport\vc\jexport.dir\release\iowari4f.obj
c:\users\val00259\nayamo\jexport\vc\jexport.dir\release\iowari3t.obj
c:\users\val00259\nayamo\jexport\vc\jexport.dir\release\iowari3h.obj
c:\users\val00259\nayamo\jexport\vc\jexport.dir\release\iowari3f.obj
c:\users\val00259\nayamo\jexport\vc\jexport.dir\release\iowari2t.obj
c:\users\val00259\nayamo\jexport\vc\jexport.dir\release\iowari2h.obj
c:\users\val00259\nayamo\jexport\vc\jexport.dir\release\iowari2f.obj
c:\users\val00259\nayamo\jexport\vc\jexport.dir\release\iowalk.obj
c:\users\val00259\nayamo\jexport\vc\jexport.dir\release\iotime.obj
c:\users\val00259\nayamo\jexport\vc\jexport.dir\release\iostawt.obj
c:\users\val00259\nayamo\jexport\vc\jexport.dir\release\iostarl.obj
c:\users\val00259\nayamo\jexport\vc\jexport.dir\release\iostam.obj
c:\users\val00259\nayamo\jexport\vc\jexport.dir\release\iostagrp.obj
c:\users\val00259\nayamo\jexport\vc\jexport.dir\release\teiki.obj
c:\users\val00259\nayamo\jexport\vc\jexport.dir\release\setrails.obj
c:\users\val00259\nayamo\jexport\vc\jexport.dir\release\seqpos.obj
c:\users\val00259\nayamo\jexport\vc\jexport.dir\release\seatadj.obj
c:\users\val00259\nayamo\jexport\vc\jexport.dir\release\searchroute.obj
c:\users\val00259\nayamo\jexport\vc\jexport.dir\release\searchrange.obj
c:\users\val00259\nayamo\jexport\vc\jexport.dir\release\scramble.obj
c:\users\val00259\nayamo\jexport\vc\jexport.dir\release\savekm.obj
c:\users\val00259\nayamo\jexport\vc\jexport.dir\release\savefare.obj
c:\users\val00259\nayamo\jexport\vc\jexport.dir\release\reserve.obj
c:\users\val00259\nayamo\jexport\vc\jexport.dir\release\rescalc.obj
c:\users\val00259\nayamo\jexport\vc\jexport.dir\release\repay.obj
c:\users\val00259\nayamo\jexport\vc\jexport.dir\release\passlist.obj
c:\users\val00259\nayamo\jexport\vc\jexport.dir\release\melt.obj
c:\users\val00259\nayamo\jexport\vc\jexport.dir\release\linksort.obj
c:\users\val00259\nayamo\jexport\vc\jexport.dir\release\linkopen.obj
c:\users\val00259\nayamo\jexport\vc\jexport.dir\release\linkload.obj
c:\users\val00259\nayamo\jexport\vc\jexport.dir\release\linkeki.obj
c:\users\val00259\nayamo\jexport\vc\jexport.dir\release\linkdel.obj
c:\users\val00259\nayamo\jexport\vc\jexport.dir\release\linearsearch.obj
c:\users\val00259\nayamo\jexport\vc\jexport.dir\release\dia_routev1.obj
c:\users\val00259\nayamo\jexport\vc\jexport.dir\release\dia_drivev2.obj
c:\users\val00259\nayamo\jexport\vc\jexport.dir\release\dia_drivev1.obj
c:\users\val00259\nayamo\jexport\vc\jexport.dir\release\dia_diaclass.obj
c:\users\val00259\nayamo\jexport\vc\jexport.dir\release\dia_corpv2.obj
c:\users\val00259\nayamo\jexport\vc\jexport.dir\release\dia_corpv1.obj
c:\users\val00259\nayamo\jexport\vc\jexport.dir\release\dia_corpclass.obj
c:\users\val00259\nayamo\jexport\vc\jexport.dir\release\dia_commoninfo.obj
c:\users\val00259\nayamo\jexport\vc\jexport.dir\release\dia_commonclass.obj
c:\users\val00259\nayamo\jexport\vc\jexport.dir\release\dia_common.obj
c:\users\val00259\nayamo\jexport\vc\jexport.dir\release\dia_colorclass.obj
c:\users\val00259\nayamo\jexport\vc\jexport.dir\release\dia_color.obj
c:\users\val00259\nayamo\jexport\vc\jexport.dir\release\_routesearch.obj
c:\users\val00259\nayamo\jexport\vc\jexport.dir\release\_routecheck.obj
c:\users\val00259\nayamo\jexport\vc\jexport.dir\release\_rangesearch.obj
c:\users\val00259\nayamo\jexport\vc\jexport.dir\release\_dds_debug.obj
c:\users\val00259\nayamo\jexport\vc\jexport.dir\release\weight.obj
c:\users\val00259\nayamo\jexport\vc\jexport.dir\release\userange.obj
c:\users\val00259\nayamo\jexport\vc\jexport.dir\release\userails.obj
c:\users\val00259\nayamo\jexport\vc\jexport.dir\release\tmtload.obj
c:\users\val00259\nayamo\jexport\vc\jexport.dir\release\dia_trainclass_name.obj
c:\users\val00259\nayamo\jexport\vc\jexport.dir\release\dia_trainclass_kind.obj
c:\users\val00259\nayamo\jexport\vc\jexport.dir\release\dia_trainclass_drive.obj
c:\users\val00259\nayamo\jexport\vc\jexport.dir\release\dia_trainclass.obj
c:\users\val00259\nayamo\jexport\vc\jexport.dir\release\dia_textv2.obj
c:\users\val00259\nayamo\jexport\vc\jexport.dir\release\dia_textv1.obj
c:\users\val00259\nayamo\jexport\vc\jexport.dir\release\dia_textclass.obj
c:\users\val00259\nayamo\jexport\vc\jexport.dir\release\dia_stationv2.obj
c:\users\val00259\nayamo\jexport\vc\jexport.dir\release\dia_stationv1.obj
c:\users\val00259\nayamo\jexport\vc\jexport.dir\release\dia_stationclass.obj
c:\users\val00259\nayamo\jexport\vc\jexport.dir\release\dia_sectionv2.obj
c:\users\val00259\nayamo\jexport\vc\jexport.dir\release\dia_sectionv1.obj
c:\users\val00259\nayamo\jexport\vc\jexport.dir\release\dia_sectionpatternv2.obj
c:\users\val00259\nayamo\jexport\vc\jexport.dir\release\dia_sectionpatternv1.obj
c:\users\val00259\nayamo\jexport\vc\jexport.dir\release\dia_sectionnicknamev2.obj
c:\users\val00259\nayamo\jexport\vc\jexport.dir\release\dia_sectionnicknamev1.obj
c:\users\val00259\nayamo\jexport\vc\jexport.dir\release\dia_sectionclass_pattern.obj
c:\users\val00259\nayamo\jexport\vc\jexport.dir\release\dia_sectionclass_nickname.obj
c:\users\val00259\nayamo\jexport\vc\jexport.dir\release\dia_sectionclass.obj
c:\users\val00259\nayamo\jexport\vc\jexport.dir\release\dia_routev2.obj
c:\users\val00259\nayamo\jexport\vc\jexport.dir\release\dia_viewv1.obj
c:\users\val00259\nayamo\jexport\vc\jexport.dir\release\dia_trainviewv2.obj
c:\users\val00259\nayamo\jexport\vc\jexport.dir\release\dia_stationviewv2.obj
c:\users\val00259\nayamo\jexport\vc\jexport.dir\release\dia_sectionviewv2.obj
c:\users\val00259\nayamo\jexport\vc\jexport.dir\release\dia_sectionviewv1.obj
c:\users\val00259\nayamo\jexport\vc\jexport.dir\release\dia_commoninfoviewv2.obj
c:\users\val00259\nayamo\jexport\vc\jexport.dir\release\dia_commoninfoviewv1.obj
c:\users\val00259\nayamo\jexport\vc\jexport.dir\release\dia_collectviewv2.obj
c:\users\val00259\nayamo\jexport\vc\jexport.dir\release\expdiaversion.obj
c:\users\val00259\nayamo\jexport\vc\jexport.dir\release\expdiatracetrain.obj
c:\users\val00259\nayamo\jexport\vc\jexport.dir\release\expdianame.obj
c:\users\val00259\nayamo\jexport\vc\jexport.dir\release\expdiafileentry.obj
c:\users\val00259\nayamo\jexport\vc\jexport.dir\release\expdiadatabase.obj
c:\users\val00259\nayamo\jexport\vc\jexport.dir\release\dia_trainv2.obj
c:\users\val00259\nayamo\jexport\vc\jexport.dir\release\dia_trainv1.obj
c:\users\val00259\nayamo\jexport\vc\jexport.dir\release\dia_trainnamev2.obj
c:\users\val00259\nayamo\jexport\vc\jexport.dir\release\dia_trainnamev1.obj
c:\users\val00259\nayamo\jexport\vc\jexport.dir\release\dia_trainkindv2.obj
c:\users\val00259\nayamo\jexport\vc\jexport.dir\release\dia_trainkindv1.obj
c:\users\val00259\nayamo\jexport\vc\jexport.dir\release\dia_trainclass_topic.obj
c:\users\val00259\nayamo\jexport\vc\jexport.dir\release\expmaptool.obj
c:\users\val00259\nayamo\jexport\vc\jexport.dir\release\expmappack.obj
c:\users\val00259\nayamo\jexport\vc\jexport.dir\release\expmapitemfile.obj
c:\users\val00259\nayamo\jexport\vc\jexport.dir\release\expmapitem.obj
c:\users\val00259\nayamo\jexport\vc\jexport.dir\release\expmapimgfile.obj
c:\users\val00259\nayamo\jexport\vc\jexport.dir\release\expmapimg.obj
c:\users\val00259\nayamo\jexport\vc\jexport.dir\release\expmapfilectrl.obj
c:\users\val00259\nayamo\jexport\vc\jexport.dir\release\expmapfile.obj
c:\users\val00259\nayamo\jexport\vc\jexport.dir\release\exptokutoku.obj
c:\users\val00259\nayamo\jexport\vc\jexport.dir\release\dia_viewv2.obj
c:\users\val00259\nayamo\jexport\vc\cmakefiles\generate.stamp
c:\users\val00259\nayamo\jexport\vc\release\jexport.lib
c:\users\val00259\nayamo\jexport\vc\release\jexport.exp
c:\users\val00259\nayamo\jexport\vc\release\jexport.dll
c:\users\val00259\nayamo\jexport\vc\jexport.dir\release\jexport.tlog\cl.command.1.tlog
c:\users\val00259\nayamo\jexport\vc\jexport.dir\release\jexport.tlog\cl.read.1.tlog
c:\users\val00259\nayamo\jexport\vc\jexport.dir\release\jexport.tlog\cl.write.1.tlog
c:\users\val00259\nayamo\jexport\vc\jexport.dir\release\jexport.tlog\custombuild.command.1.tlog
c:\users\val00259\nayamo\jexport\vc\jexport.dir\release\jexport.tlog\custombuild.read.1.tlog
c:\users\val00259\nayamo\jexport\vc\jexport.dir\release\jexport.tlog\custombuild.write.1.tlog
c:\users\val00259\nayamo\jexport\vc\jexport.dir\release\jexport.tlog\jexport.write.1u.tlog
c:\users\val00259\nayamo\jexport\vc\jexport.dir\release\jexport.tlog\link.command.1.tlog
c:\users\val00259\nayamo\jexport\vc\jexport.dir\release\jexport.tlog\link.read.1.tlog
c:\users\val00259\nayamo\jexport\vc\jexport.dir\release\jexport.tlog\link.write.1.tlog
